{"message":"folderName is required","level":"error"}
{"message":"folderName is required","level":"error"}
{"message":"folderName is required","level":"error"}
{"message":"folderName is required","level":"error"}
{"message":"folderName is required","level":"error"}
{"message":"folderName is required","level":"error"}
{"message":"folderName is required","level":"error"}
{"message":"folderName is required","level":"error"}
{"message":"Folder with id 20 was created","level":"info"}
{"message":"folderName is required","level":"error"}
{"message":"Folder with id 22 was created","level":"info"}
{"message":"Folder with id 4 was created","level":"info"}
{"message":"Folder with id 4 deleted","level":"info"}
{"message":"Bookmark with id 4 not found.","level":"error"}
{"message":"Folder with id 5 was created","level":"info"}
{"message":"Folder with id 5 deleted","level":"info"}
{"message":"Folder with id 6 was created","level":"info"}
{"message":"'folderId' is required","level":"error"}
{"message":"Note with id 6 was created","level":"info"}
{"message":"'folder_id' is required","level":"error"}
{"message":"Note with id 6 was created","level":"info"}
{"message":"Folder with id 6 deleted","level":"info"}
{"message":"Note with id 7 was created","level":"info"}
{"message":"Note with id 8 was created","level":"info"}
{"message":"Note with id 9 was created","level":"info"}
{"message":"Folder with id 9 deleted","level":"info"}
{"message":"Folder with id 8 deleted","level":"info"}
{"message":"Invalid update without required fields","level":"error"}
{"message":"Invalid update without required fields","level":"error"}
{"message":"Note with id 10 was created","level":"info"}
{"message":"Invalid update with 'folder_id'","level":"error"}
{"message":"Invalid update with 'folder_id'","level":"error"}
{"message":"Invalid update with 'folder_id'","level":"error"}
{"message":"Invalid update with 'folder_id'","level":"error"}
{"message":"Invalid update with 'folder_id'","level":"error"}
{"message":"A valid 'folder_id' is required","level":"error"}
{"message":"A valid 'folder_id' is required","level":"error"}
{"message":"A valid 'folder_id' is required","level":"error"}
{"message":"Note with id 11 was created","level":"info"}
{"message":"A valid 'folder_id' is required","level":"error"}
{"message":"A valid 'folder_id' is required","level":"error"}
{"message":"A valid 'folder_id' is required","level":"error"}
{"message":"A valid 'folder_id' is required","level":"error"}
{"message":"A valid 'folder_id' is required","level":"error"}
{"message":"A valid 'folder_id' is required","level":"error"}
{"message":"Note with id 12 was created","level":"info"}
{"message":"A valid 'folder_id' is required","level":"error"}
{"message":"Note with id 13 was created","level":"info"}
{"message":"Note with id 14 was created","level":"info"}
{"message":"A valid 'folder_id' is required","level":"error"}
{"message":"A valid 'folder_id' is required","level":"error"}
{"message":"A valid 'folder_id' is required","level":"error"}
{"message":"Invalid update with 'folder_id'","level":"error"}
{"message":"Folder with id 123 not found.","level":"error"}
{"message":"Folder with id 123 not found.","level":"error"}
{"message":"Folder with id 123 not found.","level":"error"}
{"message":"Folder with id 123 not found.","level":"error"}
{"message":"Folder with id 2 deleted","level":"info"}
{"message":"Folder with id 123 not found.","level":"error"}
{"message":"Folder with id 123 not found.","level":"error"}
{"message":"Folder with id 2 deleted","level":"info"}
{"message":"folder 'name' is required","level":"error"}
{"message":"Folder with id 1 was created","level":"info"}
{"message":"Folder with id 1 was created","level":"info"}
{"message":"Folder with id 123 not found.","level":"error"}
{"message":"Folder with id 123 not found.","level":"error"}
{"message":"Folder with id 2 deleted","level":"info"}
{"message":"folder 'name' is required","level":"error"}
{"message":"Folder with id 1 was created","level":"info"}
{"message":"Folder with id 1 was created","level":"info"}
{"message":"Folder with id 123 not found.","level":"error"}
{"message":"Folder with id 123 not found.","level":"error"}
{"message":"Folder with id 2 deleted","level":"info"}
{"message":"folder 'name' is required","level":"error"}
{"message":"Folder with id 1 was created","level":"info"}
{"message":"Folder with id 1 was created","level":"info"}
{"message":"Folder with id 123 not found.","level":"error"}
{"message":"Folder with id 123 not found.","level":"error"}
{"message":"Folder with id 2 deleted","level":"info"}
{"message":"folder 'name' is required","level":"error"}
{"message":"Folder with id 1 was created","level":"info"}
{"message":"Folder with id 1 was created","level":"info"}
{"message":"Folder with id 123456 not found.","level":"error"}
{"message":"Invalid update without required fields","level":"error"}
{"message":"Folder with id 123 not found.","level":"error"}
{"message":"Folder with id 123 not found.","level":"error"}
{"message":"Folder with id 2 deleted","level":"info"}
{"message":"folder 'name' is required","level":"error"}
{"message":"Folder with id 1 was created","level":"info"}
{"message":"Folder with id 1 was created","level":"info"}
{"message":"Folder with id 123456 not found.","level":"error"}
{"message":"Invalid update without required fields","level":"error"}
{"message":"Folder with id 123 not found.","level":"error"}
{"message":"Folder with id 123 not found.","level":"error"}
{"message":"Folder with id 2 deleted","level":"info"}
{"message":"folder 'name' is required","level":"error"}
{"message":"Folder with id 1 was created","level":"info"}
{"message":"Folder with id 1 was created","level":"info"}
{"message":"Folder with id 123456 not found.","level":"error"}
{"message":"Invalid update without required fields","level":"error"}
